Log file open, 12/21/19 16:43:08
LogWindows: Failed to load 'aqProf.dll' (GetLastError=126)
LogWindows: File 'aqProf.dll' does not exist
LogWindows: Failed to load 'VtuneApi.dll' (GetLastError=126)
LogWindows: File 'VtuneApi.dll' does not exist
LogWindows: Failed to load 'VtuneApi32e.dll' (GetLastError=126)
LogWindows: File 'VtuneApi32e.dll' does not exist
LogConsoleResponse: Display: Failed to find resolution value strings in scalability ini. Falling back to default.
LogInit: Display: Running engine for game: MyProject2
LogPlatformFile: Not using cached read wrapper
LogTaskGraph: Started task graph with 5 named threads and 23 total threads with 3 sets of task threads.
LogStats: Stats thread started at 0.112129
LogD3D11RHI: Loaded GFSDK_Aftermath_Lib.x64.dll
LogICUInternationalization: ICU TimeZone Detection - Raw Offset: +2:00, Platform Override: ''
LogPluginManager: Mounting plugin Paper2D
LogPluginManager: Mounting plugin AISupport
LogPluginManager: Mounting plugin LightPropagationVolume
LogPluginManager: Mounting plugin ActorLayerUtilities
LogPluginManager: Mounting plugin AnimationSharing
LogPluginManager: Mounting plugin CLionSourceCodeAccess
LogPluginManager: Mounting plugin CodeLiteSourceCodeAccess
LogPluginManager: Mounting plugin GitSourceControl
LogPluginManager: Mounting plugin KDevelopSourceCodeAccess
LogPluginManager: Mounting plugin NullSourceCodeAccess
LogPluginManager: Mounting plugin PerforceSourceControl
LogPluginManager: Mounting plugin SubversionSourceControl
LogPluginManager: Mounting plugin UObjectPlugin
LogPluginManager: Mounting plugin VisualStudioCodeSourceCodeAccess
LogPluginManager: Mounting plugin VisualStudioSourceCodeAccess
LogPluginManager: Mounting plugin XCodeSourceCodeAccess
LogPluginManager: Mounting plugin AssetManagerEditor
LogPluginManager: Mounting plugin CryptoKeys
LogPluginManager: Mounting plugin CurveEditorTools
LogPluginManager: Mounting plugin DataValidation
LogPluginManager: Mounting plugin FacialAnimation
LogPluginManager: Mounting plugin GameplayTagsEditor
LogPluginManager: Mounting plugin MacGraphicsSwitching
LogPluginManager: Mounting plugin MaterialAnalyzer
LogPluginManager: Mounting plugin MobileLauncherProfileWizard
LogPluginManager: Mounting plugin PluginBrowser
LogPluginManager: Mounting plugin SpeedTreeImporter
LogPluginManager: Mounting plugin DatasmithContent
LogPluginManager: Mounting plugin VariantManagerContent
LogPluginManager: Mounting plugin AlembicImporter
LogPluginManager: Mounting plugin AutomationUtils
LogPluginManager: Mounting plugin BackChannel
LogPluginManager: Mounting plugin CharacterAI
LogPluginManager: Mounting plugin GeometryCache
LogPluginManager: Mounting plugin HTML5Networking
LogPluginManager: Mounting plugin PlatformCrypto
LogPluginManager: Mounting plugin ProxyLODPlugin
LogPluginManager: Mounting plugin SkeletalReduction
LogPluginManager: Mounting plugin MagicLeap
LogPluginManager: Mounting plugin MagicLeapMedia
LogPluginManager: Mounting plugin AndroidMedia
LogPluginManager: Mounting plugin AvfMedia
LogPluginManager: Mounting plugin ImgMedia
LogPluginManager: Mounting plugin MediaCompositing
LogPluginManager: Mounting plugin MediaPlayerEditor
LogPluginManager: Mounting plugin WebMMedia
LogPluginManager: Mounting plugin WmfMedia
LogPluginManager: Mounting plugin TcpMessaging
LogPluginManager: Mounting plugin UdpMessaging
LogPluginManager: Mounting plugin ActorSequence
LogPluginManager: Mounting plugin LevelSequenceEditor
LogPluginManager: Mounting plugin MatineeToLevelSequence
LogPluginManager: Mounting plugin NetcodeUnitTest
LogPluginManager: Mounting plugin NUTUnrealEngine4
LogPluginManager: Mounting plugin OnlineSubsystemGooglePlay
LogPluginManager: Mounting plugin OnlineSubsystemIOS
LogPluginManager: Mounting plugin OnlineSubsystem
LogPluginManager: Mounting plugin OnlineSubsystemNull
LogPluginManager: Mounting plugin OnlineSubsystemUtils
LogPluginManager: Mounting plugin LauncherChunkInstaller
LogPluginManager: Mounting plugin AndroidDeviceProfileSelector
LogPluginManager: Mounting plugin AndroidMoviePlayer
LogPluginManager: Mounting plugin AndroidPermission
LogPluginManager: Mounting plugin AppleImageUtils
LogPluginManager: Mounting plugin AppleMoviePlayer
LogPluginManager: Mounting plugin ArchVisCharacter
LogPluginManager: Mounting plugin AudioCapture
LogPluginManager: Mounting plugin CableComponent
LogPluginManager: Mounting plugin CustomMeshComponent
LogPluginManager: Mounting plugin EditableMesh
LogPluginManager: Mounting plugin ExampleDeviceProfileSelector
LogPluginManager: Mounting plugin GoogleCloudMessaging
LogPluginManager: Mounting plugin IOSDeviceProfileSelector
LogPluginManager: Mounting plugin LinuxDeviceProfileSelector
LogPluginManager: Mounting plugin LocationServicesBPLibrary
LogPluginManager: Mounting plugin MobilePatchingUtils
LogPluginManager: Mounting plugin OculusVR
LogPluginManager: Mounting plugin PhysXVehicles
LogPluginManager: Mounting plugin ProceduralMeshComponent
LogPluginManager: Mounting plugin RuntimePhysXCooking
LogPluginManager: Mounting plugin SignificanceManager
LogPluginManager: Mounting plugin SteamVR
LogPluginManager: Mounting plugin WebMMoviePlayer
LogPluginManager: Mounting plugin WindowsMoviePlayer
LogPluginManager: Mounting plugin ScreenshotTools
LogInit: Using libcurl 7.55.1-DEV
LogInit:  - built for x86_64-pc-win32
LogInit:  - supports SSL with OpenSSL/1.1.1
LogInit:  - supports HTTP deflate (compression) using libz 1.2.8
LogInit:  - other features:
LogInit:      CURL_VERSION_SSL
LogInit:      CURL_VERSION_LIBZ
LogInit:      CURL_VERSION_IPV6
LogInit:      CURL_VERSION_ASYNCHDNS
LogInit:      CURL_VERSION_LARGEFILE
LogInit:      CURL_VERSION_IDN
LogInit:  CurlRequestOptions (configurable via config and command line):
LogInit:  - bVerifyPeer = true  - Libcurl will verify peer certificate
LogInit:  - bUseHttpProxy = false  - Libcurl will NOT use HTTP proxy
LogInit:  - bDontReuseConnections = false  - Libcurl will reuse connections
LogInit:  - MaxHostConnections = 16  - Libcurl will limit the number of connections to a host
LogInit:  - LocalHostAddr = Default
LogInit:  - BufferSize = 65536
LogOnline: OSS: Creating online subsystem instance for: NULL
LogInit: WinSock: version 1.1 (2.2), MaxSocks=32767, MaxUdp=65467
LogInit: Build: ++UE4+Release-4.23-CL-9631420
LogInit: Engine Version: 4.23.1-9631420+++UE4+Release-4.23
LogInit: Compatible Engine Version: 4.23.0-8386587+++UE4+Release-4.23
LogInit: Net CL: 8386587
LogInit: OS: Windows 10 (Release 1809) (), CPU: Intel(R) Core(TM) i7-6700HQ CPU @ 2.60GHz, GPU: Intel(R) HD Graphics 530
LogInit: Compiled (64-bit): Oct 18 2019 02:07:44
LogInit: Compiled with Visual C++: 19.16.27030.01
LogInit: Build Configuration: Development
LogInit: Branch Name: ++UE4+Release-4.23
LogInit: Command Line: 
LogInit: Base Directory: C:/Program Files/Epic Games/UE_4.23/Engine/Binaries/Win64/
LogInit: Installed Engine Build: 1
LogDevObjectVersion: Number of dev versions registered: 23
LogDevObjectVersion:   Dev-Blueprints (B0D832E4-1F89-4F0D-ACCF-7EB736FD4AA2): 10
LogDevObjectVersion:   Dev-Build (E1C64328-A22C-4D53-A36C-8E866417BD8C): 0
LogDevObjectVersion:   Dev-Core (375EC13C-06E4-48FB-B500-84F0262A717E): 3
LogDevObjectVersion:   Dev-Editor (E4B068ED-F494-42E9-A231-DA0B2E46BB41): 34
LogDevObjectVersion:   Dev-Framework (CFFC743F-43B0-4480-9391-14DF171D2073): 35
LogDevObjectVersion:   Dev-Mobile (B02B49B5-BB20-44E9-A304-32B752E40360): 2
LogDevObjectVersion:   Dev-Networking (A4E4105C-59A1-49B5-A7C5-40C4547EDFEE): 0
LogDevObjectVersion:   Dev-Online (39C831C9-5AE6-47DC-9A44-9C173E1C8E7C): 0
LogDevObjectVersion:   Dev-Physics (78F01B33-EBEA-4F98-B9B4-84EACCB95AA2): 0
LogDevObjectVersion:   Dev-Platform (6631380F-2D4D-43E0-8009-CF276956A95A): 0
LogDevObjectVersion:   Dev-Rendering (12F88B9F-8875-4AFC-A67C-D90C383ABD29): 31
LogDevObjectVersion:   Dev-Sequencer (7B5AE74C-D270-4C10-A958-57980B212A5A): 11
LogDevObjectVersion:   Dev-VR (D7296918-1DD6-4BDD-9DE2-64A83CC13884): 2
LogDevObjectVersion:   Dev-LoadTimes (C2A15278-BFE7-4AFE-6C17-90FF531DF755): 1
LogDevObjectVersion:   Private-Geometry (6EACA3D4-40EC-4CC1-B786-8BED09428FC5): 3
LogDevObjectVersion:   Dev-AnimPhys (29E575DD-E0A3-4627-9D10-D276232CDCEA): 17
LogDevObjectVersion:   Dev-Anim (AF43A65D-7FD3-4947-9873-3E8ED9C1BB05): 2
LogDevObjectVersion:   Dev-ReflectionCapture (6B266CEC-1EC7-4B8F-A30B-E4D90942FC07): 1
LogDevObjectVersion:   Dev-Automation (0DF73D61-A23F-47EA-B727-89E90C41499A): 1
LogDevObjectVersion:   FortniteMain (601D1886-AC64-4F84-AA16-D3DE0DEAC7D6): 27
LogDevObjectVersion:   Dev-Enterprise (9DFFBCD6-494F-0158-E221-12823C92A888): 6
LogDevObjectVersion:   Dev-Niagara (F2AED0AC-9AFE-416F-8664-AA7FFA26D6FC): 1
LogDevObjectVersion:   Dev-Destruction (174F1F0B-B4C6-45A5-B13F-2EE8D0FB917D): 9
LogInit: Presizing for max 16777216 objects, including 0 objects not considered by GC, pre-allocating 0 bytes for permanent pool.
LogInit: Object subsystem initialized
LogConfig: Setting CVar [[con.DebugEarlyDefault:1]]
LogConfig: Setting CVar [[r.setres:1280x720]]
[2019.12.21-14.43.08:342][  0]LogConfig: Setting CVar [[r.VSync:0]]
[2019.12.21-14.43.08:342][  0]LogConfig: Setting CVar [[r.RHICmdBypass:0]]
[2019.12.21-14.43.08:342][  0]LogConfig: Applying CVar settings from Section [/Script/Engine.RendererSettings] File [C:/Users/Andrei/Documents/Unreal Projects/MyProject2/Saved/Config/Windows/Engine.ini]
[2019.12.21-14.43.08:342][  0]LogConfig: Setting CVar [[r.GPUCrashDebugging:0]]
[2019.12.21-14.43.08:342][  0]LogConfig: Setting CVar [[r.DefaultFeature.AutoExposure.ExtendDefaultLuminanceRange:1]]
[2019.12.21-14.43.08:342][  0]LogConfig: Applying CVar settings from Section [/Script/Engine.RendererOverrideSettings] File [C:/Users/Andrei/Documents/Unreal Projects/MyProject2/Saved/Config/Windows/Engine.ini]
[2019.12.21-14.43.08:342][  0]LogConfig: Applying CVar settings from Section [/Script/Engine.StreamingSettings] File [C:/Users/Andrei/Documents/Unreal Projects/MyProject2/Saved/Config/Windows/Engine.ini]
[2019.12.21-14.43.08:342][  0]LogConfig: Setting CVar [[s.MinBulkDataSizeForAsyncLoading:131072]]
[2019.12.21-14.43.08:343][  0]LogConfig: Setting CVar [[s.AsyncLoadingThreadEnabled:0]]
[2019.12.21-14.43.08:343][  0]LogConfig: Setting CVar [[s.EventDrivenLoaderEnabled:1]]
[2019.12.21-14.43.08:343][  0]LogConfig: Setting CVar [[s.WarnIfTimeLimitExceeded:0]]
[2019.12.21-14.43.08:343][  0]LogConfig: Setting CVar [[s.TimeLimitExceededMultiplier:1.5]]
[2019.12.21-14.43.08:343][  0]LogConfig: Setting CVar [[s.TimeLimitExceededMinTime:0.005]]
[2019.12.21-14.43.08:343][  0]LogConfig: Setting CVar [[s.UseBackgroundLevelStreaming:1]]
[2019.12.21-14.43.08:343][  0]LogConfig: Setting CVar [[s.PriorityAsyncLoadingExtraTime:15.0]]
[2019.12.21-14.43.08:343][  0]LogConfig: Setting CVar [[s.LevelStreamingActorsUpdateTimeLimit:5.0]]
[2019.12.21-14.43.08:343][  0]LogConfig: Setting CVar [[s.PriorityLevelStreamingActorsUpdateExtraTime:5.0]]
[2019.12.21-14.43.08:343][  0]LogConfig: Setting CVar [[s.LevelStreamingComponentsRegistrationGranularity:10]]
[2019.12.21-14.43.08:343][  0]LogConfig: Setting CVar [[s.UnregisterComponentsTimeLimit:1.0]]
[2019.12.21-14.43.08:343][  0]LogConfig: Setting CVar [[s.LevelStreamingComponentsUnregistrationGranularity:5]]
[2019.12.21-14.43.08:343][  0]LogConfig: Applying CVar settings from Section [/Script/Engine.GarbageCollectionSettings] File [C:/Users/Andrei/Documents/Unreal Projects/MyProject2/Saved/Config/Windows/Engine.ini]
[2019.12.21-14.43.08:343][  0]LogConfig: Setting CVar [[gc.MaxObjectsNotConsideredByGC:1]]
[2019.12.21-14.43.08:343][  0]LogConfig: Setting CVar [[gc.SizeOfPermanentObjectPool:0]]
[2019.12.21-14.43.08:343][  0]LogConfig: Setting CVar [[gc.FlushStreamingOnGC:0]]
[2019.12.21-14.43.08:343][  0]LogConfig: Setting CVar [[gc.NumRetriesBeforeForcingGC:10]]
[2019.12.21-14.43.08:343][  0]LogConfig: Setting CVar [[gc.AllowParallelGC:1]]
[2019.12.21-14.43.08:343][  0]LogConfig: Setting CVar [[gc.TimeBetweenPurgingPendingKillObjects:61.1]]
[2019.12.21-14.43.08:343][  0]LogConfig: Setting CVar [[gc.MaxObjectsInEditor:16777216]]
[2019.12.21-14.43.08:343][  0]LogConfig: Setting CVar [[gc.IncrementalBeginDestroyEnabled:1]]
[2019.12.21-14.43.08:343][  0]LogConfig: Setting CVar [[gc.CreateGCClusters:1]]
[2019.12.21-14.43.08:343][  0]LogConfig: Setting CVar [[gc.MinGCClusterSize:5]]
[2019.12.21-14.43.08:343][  0]LogConfig: Setting CVar [[gc.ActorClusteringEnabled:0]]
[2019.12.21-14.43.08:343][  0]LogConfig: Setting CVar [[gc.BlueprintClusteringEnabled:0]]
[2019.12.21-14.43.08:343][  0]LogConfig: Setting CVar [[gc.UseDisregardForGCOnDedicatedServers:0]]
[2019.12.21-14.43.08:343][  0]LogConfig: Applying CVar settings from Section [/Script/Engine.NetworkSettings] File [C:/Users/Andrei/Documents/Unreal Projects/MyProject2/Saved/Config/Windows/Engine.ini]
[2019.12.21-14.43.08:343][  0]LogConfig: Applying CVar settings from Section [/Script/UnrealEd.CookerSettings] File [C:/Users/Andrei/Documents/Unreal Projects/MyProject2/Saved/Config/Windows/Engine.ini]
[2019.12.21-14.43.08:346][  0]LogConfig: Applying CVar settings from Section [ViewDistanceQuality@3] File [C:/Users/Andrei/Documents/Unreal Projects/MyProject2/Saved/Config/Windows/Scalability.ini]
[2019.12.21-14.43.08:346][  0]LogConfig: Setting CVar [[r.SkeletalMeshLODBias:0]]
[2019.12.21-14.43.08:346][  0]LogConfig: Setting CVar [[r.ViewDistanceScale:1.0]]
[2019.12.21-14.43.08:346][  0]LogConfig: Applying CVar settings from Section [AntiAliasingQuality@3] File [C:/Users/Andrei/Documents/Unreal Projects/MyProject2/Saved/Config/Windows/Scalability.ini]
[2019.12.21-14.43.08:346][  0]LogConfig: Setting CVar [[r.PostProcessAAQuality:4]]
[2019.12.21-14.43.08:346][  0]LogConfig: Applying CVar settings from Section [ShadowQuality@3] File [C:/Users/Andrei/Documents/Unreal Projects/MyProject2/Saved/Config/Windows/Scalability.ini]
[2019.12.21-14.43.08:346][  0]LogConfig: Setting CVar [[r.LightFunctionQuality:1]]
[2019.12.21-14.43.08:346][  0]LogConfig: Setting CVar [[r.ShadowQuality:5]]
[2019.12.21-14.43.08:346][  0]LogConfig: Setting CVar [[r.Shadow.CSM.MaxCascades:10]]
[2019.12.21-14.43.08:347][  0]LogConfig: Setting CVar [[r.Shadow.MaxResolution:2048]]
[2019.12.21-14.43.08:347][  0]LogConfig: Setting CVar [[r.Shadow.MaxCSMResolution:2048]]
[2019.12.21-14.43.08:347][  0]LogConfig: Setting CVar [[r.Shadow.RadiusThreshold:0.01]]
[2019.12.21-14.43.08:347][  0]LogConfig: Setting CVar [[r.Shadow.DistanceScale:1.0]]
[2019.12.21-14.43.08:347][  0]LogConfig: Setting CVar [[r.Shadow.CSM.TransitionScale:1.0]]
[2019.12.21-14.43.08:347][  0]LogConfig: Setting CVar [[r.Shadow.PreShadowResolutionFactor:1.0]]
[2019.12.21-14.43.08:347][  0]LogConfig: Setting CVar [[r.DistanceFieldShadowing:1]]
[2019.12.21-14.43.08:347][  0]LogConfig: Setting CVar [[r.DistanceFieldAO:1]]
[2019.12.21-14.43.08:347][  0]LogConfig: Setting CVar [[r.AOQuality:2]]
[2019.12.21-14.43.08:347][  0]LogConfig: Setting CVar [[r.VolumetricFog:1]]
[2019.12.21-14.43.08:347][  0]LogConfig: Setting CVar [[r.VolumetricFog.GridPixelSize:8]]
[2019.12.21-14.43.08:347][  0]LogConfig: Setting CVar [[r.VolumetricFog.GridSizeZ:128]]
[2019.12.21-14.43.08:347][  0]LogConfig: Setting CVar [[r.VolumetricFog.HistoryMissSupersampleCount:4]]
[2019.12.21-14.43.08:347][  0]LogConfig: Setting CVar [[r.LightMaxDrawDistanceScale:1]]
[2019.12.21-14.43.08:347][  0]LogConfig: Setting CVar [[r.CapsuleShadows:1]]
[2019.12.21-14.43.08:347][  0]LogConfig: Applying CVar settings from Section [PostProcessQuality@3] File [C:/Users/Andrei/Documents/Unreal Projects/MyProject2/Saved/Config/Windows/Scalability.ini]
[2019.12.21-14.43.08:347][  0]LogConfig: Setting CVar [[r.MotionBlurQuality:4]]
[2019.12.21-14.43.08:347][  0]LogConfig: Setting CVar [[r.AmbientOcclusionMipLevelFactor:0.4]]
[2019.12.21-14.43.08:347][  0]LogConfig: Setting CVar [[r.AmbientOcclusionMaxQuality:100]]
[2019.12.21-14.43.08:347][  0]LogConfig: Setting CVar [[r.AmbientOcclusionLevels:-1]]
[2019.12.21-14.43.08:347][  0]LogConfig: Setting CVar [[r.AmbientOcclusionRadiusScale:1.0]]
[2019.12.21-14.43.08:347][  0]LogConfig: Setting CVar [[r.DepthOfFieldQuality:2]]
[2019.12.21-14.43.08:347][  0]LogConfig: Setting CVar [[r.RenderTargetPoolMin:400]]
[2019.12.21-14.43.08:347][  0]LogConfig: Setting CVar [[r.LensFlareQuality:2]]
[2019.12.21-14.43.08:347][  0]LogConfig: Setting CVar [[r.SceneColorFringeQuality:1]]
[2019.12.21-14.43.08:347][  0]LogConfig: Setting CVar [[r.EyeAdaptationQuality:2]]
[2019.12.21-14.43.08:347][  0]LogConfig: Setting CVar [[r.BloomQuality:5]]
[2019.12.21-14.43.08:347][  0]LogConfig: Setting CVar [[r.FastBlurThreshold:100]]
[2019.12.21-14.43.08:347][  0]LogConfig: Setting CVar [[r.Upscale.Quality:3]]
[2019.12.21-14.43.08:347][  0]LogConfig: Setting CVar [[r.Tonemapper.GrainQuantization:1]]
[2019.12.21-14.43.08:347][  0]LogConfig: Setting CVar [[r.LightShaftQuality:1]]
[2019.12.21-14.43.08:347][  0]LogConfig: Setting CVar [[r.Filter.SizeScale:1]]
[2019.12.21-14.43.08:347][  0]LogConfig: Setting CVar [[r.Tonemapper.Quality:5]]
[2019.12.21-14.43.08:347][  0]LogConfig: Setting CVar [[r.DOF.Gather.AccumulatorQuality:1        ; higher gathering accumulator quality]]
[2019.12.21-14.43.08:347][  0]LogConfig: Setting CVar [[r.DOF.Gather.PostfilterMethod:1          ; Median3x3 postfilering method]]
[2019.12.21-14.43.08:347][  0]LogConfig: Setting CVar [[r.DOF.Gather.EnableBokehSettings:0       ; no bokeh simulation when gathering]]
[2019.12.21-14.43.08:347][  0]LogConfig: Setting CVar [[r.DOF.Gather.RingCount:4                 ; medium number of samples when gathering]]
[2019.12.21-14.43.08:347][  0]LogConfig: Setting CVar [[r.DOF.Scatter.ForegroundCompositing:1    ; additive foreground scattering]]
[2019.12.21-14.43.08:347][  0]LogConfig: Setting CVar [[r.DOF.Scatter.BackgroundCompositing:2    ; additive background scattering]]
[2019.12.21-14.43.08:347][  0]LogConfig: Setting CVar [[r.DOF.Scatter.EnableBokehSettings:1      ; bokeh simulation when scattering]]
[2019.12.21-14.43.08:347][  0]LogConfig: Setting CVar [[r.DOF.Scatter.MaxSpriteRatio:0.1         ; only a maximum of 10% of scattered bokeh]]
[2019.12.21-14.43.08:347][  0]LogConfig: Setting CVar [[r.DOF.Recombine.Quality:1                ; cheap slight out of focus]]
[2019.12.21-14.43.08:347][  0]LogConfig: Setting CVar [[r.DOF.Recombine.EnableBokehSettings:0    ; no bokeh simulation on slight out of focus]]
[2019.12.21-14.43.08:347][  0]LogConfig: Setting CVar [[r.DOF.TemporalAAQuality:1                ; more stable temporal accumulation]]
[2019.12.21-14.43.08:347][  0]LogConfig: Setting CVar [[r.DOF.Kernel.MaxForegroundRadius:0.025]]
[2019.12.21-14.43.08:347][  0]LogConfig: Setting CVar [[r.DOF.Kernel.MaxBackgroundRadius:0.025]]
[2019.12.21-14.43.08:347][  0]LogConfig: Applying CVar settings from Section [TextureQuality@3] File [C:/Users/Andrei/Documents/Unreal Projects/MyProject2/Saved/Config/Windows/Scalability.ini]
[2019.12.21-14.43.08:347][  0]LogConfig: Setting CVar [[r.Streaming.MipBias:0]]
[2019.12.21-14.43.08:347][  0]LogConfig: Setting CVar [[r.Streaming.AmortizeCPUToGPUCopy:0]]
[2019.12.21-14.43.08:347][  0]LogConfig: Setting CVar [[r.Streaming.MaxNumTexturesToStreamPerFrame:0]]
[2019.12.21-14.43.08:347][  0]LogConfig: Setting CVar [[r.Streaming.Boost:1]]
[2019.12.21-14.43.08:347][  0]LogConfig: Setting CVar [[r.MaxAnisotropy:8]]
[2019.12.21-14.43.08:347][  0]LogConfig: Setting CVar [[r.Streaming.LimitPoolSizeToVRAM:0]]
[2019.12.21-14.43.08:347][  0]LogConfig: Setting CVar [[r.Streaming.PoolSize:1000]]
[2019.12.21-14.43.08:347][  0]LogConfig: Setting CVar [[r.Streaming.MaxEffectiveScreenSize:0]]
[2019.12.21-14.43.08:347][  0]LogConfig: Applying CVar settings from Section [EffectsQuality@3] File [C:/Users/Andrei/Documents/Unreal Projects/MyProject2/Saved/Config/Windows/Scalability.ini]
[2019.12.21-14.43.08:347][  0]LogConfig: Setting CVar [[r.TranslucencyLightingVolumeDim:64]]
[2019.12.21-14.43.08:347][  0]LogConfig: Setting CVar [[r.RefractionQuality:2]]
[2019.12.21-14.43.08:348][  0]LogConfig: Setting CVar [[r.SSR.Quality:3]]
[2019.12.21-14.43.08:348][  0]LogConfig: Setting CVar [[r.SceneColorFormat:4]]
[2019.12.21-14.43.08:348][  0]LogConfig: Setting CVar [[r.DetailMode:2]]
[2019.12.21-14.43.08:348][  0]LogConfig: Setting CVar [[r.TranslucencyVolumeBlur:1]]
[2019.12.21-14.43.08:348][  0]LogConfig: Setting CVar [[r.MaterialQualityLevel:1 ; High quality]]
[2019.12.21-14.43.08:348][  0]LogConfig: Setting CVar [[r.SSS.Scale:1]]
[2019.12.21-14.43.08:348][  0]LogConfig: Setting CVar [[r.SSS.SampleSet:2]]
[2019.12.21-14.43.08:348][  0]LogConfig: Setting CVar [[r.SSS.Quality:1]]
[2019.12.21-14.43.08:348][  0]LogConfig: Setting CVar [[r.SSS.HalfRes:1]]
[2019.12.21-14.43.08:348][  0]LogConfig: Setting CVar [[r.EmitterSpawnRateScale:1.0]]
[2019.12.21-14.43.08:348][  0]LogConfig: Setting CVar [[r.ParticleLightQuality:2]]
[2019.12.21-14.43.08:348][  0]LogConfig: Applying CVar settings from Section [FoliageQuality@3] File [C:/Users/Andrei/Documents/Unreal Projects/MyProject2/Saved/Config/Windows/Scalability.ini]
[2019.12.21-14.43.08:348][  0]LogConfig: Setting CVar [[foliage.DensityScale:1.0]]
[2019.12.21-14.43.08:348][  0]LogConfig: Setting CVar [[grass.DensityScale:1.0]]
[2019.12.21-14.43.08:348][  0]LogInit: Selected Device Profile: [Windows]
[2019.12.21-14.43.08:348][  0]LogInit: Applying CVar settings loaded from the selected device profile: [Windows]
[2019.12.21-14.43.08:351][  0]LogHAL: Display: Platform has ~ 16 GB [17046654976 / 17179869184 / 16], which maps to Larger [LargestMinGB=32, LargerMinGB=12, DefaultMinGB=8, SmallerMinGB=6, SmallestMinGB=0)
[2019.12.21-14.43.08:351][  0]LogInit: Going up to parent DeviceProfile []
[2019.12.21-14.43.08:351][  0]LogConfig: Applying CVar settings from Section [ViewDistanceQuality@3] File [C:/Users/Andrei/Documents/Unreal Projects/MyProject2/Saved/Config/Windows/Scalability.ini]
[2019.12.21-14.43.08:351][  0]LogConfig: Setting CVar [[r.SkeletalMeshLODBias:0]]
[2019.12.21-14.43.08:351][  0]LogConfig: Setting CVar [[r.ViewDistanceScale:1.0]]
[2019.12.21-14.43.08:351][  0]LogConfig: Applying CVar settings from Section [AntiAliasingQuality@3] File [C:/Users/Andrei/Documents/Unreal Projects/MyProject2/Saved/Config/Windows/Scalability.ini]
[2019.12.21-14.43.08:351][  0]LogConfig: Setting CVar [[r.PostProcessAAQuality:4]]
[2019.12.21-14.43.08:351][  0]LogConfig: Applying CVar settings from Section [ShadowQuality@3] File [C:/Users/Andrei/Documents/Unreal Projects/MyProject2/Saved/Config/Windows/Scalability.ini]
[2019.12.21-14.43.08:351][  0]LogConfig: Setting CVar [[r.LightFunctionQuality:1]]
[2019.12.21-14.43.08:352][  0]LogConfig: Setting CVar [[r.ShadowQuality:5]]
[2019.12.21-14.43.08:352][  0]LogConfig: Setting CVar [[r.Shadow.CSM.MaxCascades:10]]
[2019.12.21-14.43.08:352][  0]LogConfig: Setting CVar [[r.Shadow.MaxResolution:2048]]
[2019.12.21-14.43.08:352][  0]LogConfig: Setting CVar [[r.Shadow.MaxCSMResolution:2048]]
[2019.12.21-14.43.08:352][  0]LogConfig: Setting CVar [[r.Shadow.RadiusThreshold:0.01]]
[2019.12.21-14.43.08:352][  0]LogConfig: Setting CVar [[r.Shadow.DistanceScale:1.0]]
[2019.12.21-14.43.08:352][  0]LogConfig: Setting CVar [[r.Shadow.CSM.TransitionScale:1.0]]
[2019.12.21-14.43.08:352][  0]LogConfig: Setting CVar [[r.Shadow.PreShadowResolutionFactor:1.0]]
[2019.12.21-14.43.08:352][  0]LogConfig: Setting CVar [[r.DistanceFieldShadowing:1]]
[2019.12.21-14.43.08:352][  0]LogConfig: Setting CVar [[r.DistanceFieldAO:1]]
[2019.12.21-14.43.08:352][  0]LogConfig: Setting CVar [[r.AOQuality:2]]
[2019.12.21-14.43.08:352][  0]LogConfig: Setting CVar [[r.VolumetricFog:1]]
[2019.12.21-14.43.08:352][  0]LogConfig: Setting CVar [[r.VolumetricFog.GridPixelSize:8]]
[2019.12.21-14.43.08:352][  0]LogConfig: Setting CVar [[r.VolumetricFog.GridSizeZ:128]]
[2019.12.21-14.43.08:352][  0]LogConfig: Setting CVar [[r.VolumetricFog.HistoryMissSupersampleCount:4]]
[2019.12.21-14.43.08:352][  0]LogConfig: Setting CVar [[r.LightMaxDrawDistanceScale:1]]
[2019.12.21-14.43.08:352][  0]LogConfig: Setting CVar [[r.CapsuleShadows:1]]
[2019.12.21-14.43.08:352][  0]LogConfig: Applying CVar settings from Section [PostProcessQuality@3] File [C:/Users/Andrei/Documents/Unreal Projects/MyProject2/Saved/Config/Windows/Scalability.ini]
[2019.12.21-14.43.08:352][  0]LogConfig: Setting CVar [[r.MotionBlurQuality:4]]
[2019.12.21-14.43.08:352][  0]LogConfig: Setting CVar [[r.AmbientOcclusionMipLevelFactor:0.4]]
[2019.12.21-14.43.08:352][  0]LogConfig: Setting CVar [[r.AmbientOcclusionMaxQuality:100]]
[2019.12.21-14.43.08:352][  0]LogConfig: Setting CVar [[r.AmbientOcclusionLevels:-1]]
[2019.12.21-14.43.08:352][  0]LogConfig: Setting CVar [[r.AmbientOcclusionRadiusScale:1.0]]
[2019.12.21-14.43.08:352][  0]LogConfig: Setting CVar [[r.DepthOfFieldQuality:2]]
[2019.12.21-14.43.08:352][  0]LogConfig: Setting CVar [[r.RenderTargetPoolMin:400]]
[2019.12.21-14.43.08:352][  0]LogConfig: Setting CVar [[r.LensFlareQuality:2]]
[2019.12.21-14.43.08:352][  0]LogConfig: Setting CVar [[r.SceneColorFringeQuality:1]]
[2019.12.21-14.43.08:352][  0]LogConfig: Setting CVar [[r.EyeAdaptationQuality:2]]
[2019.12.21-14.43.08:352][  0]LogConfig: Setting CVar [[r.BloomQuality:5]]
[2019.12.21-14.43.08:352][  0]LogConfig: Setting CVar [[r.FastBlurThreshold:100]]
[2019.12.21-14.43.08:352][  0]LogConfig: Setting CVar [[r.Upscale.Quality:3]]
[2019.12.21-14.43.08:352][  0]LogConfig: Setting CVar [[r.Tonemapper.GrainQuantization:1]]
[2019.12.21-14.43.08:352][  0]LogConfig: Setting CVar [[r.LightShaftQuality:1]]
[2019.12.21-14.43.08:352][  0]LogConfig: Setting CVar [[r.Filter.SizeScale:1]]
[2019.12.21-14.43.08:352][  0]LogConfig: Setting CVar [[r.Tonemapper.Quality:5]]
[2019.12.21-14.43.08:352][  0]LogConfig: Setting CVar [[r.DOF.Gather.AccumulatorQuality:1        ; higher gathering accumulator quality]]
[2019.12.21-14.43.08:352][  0]LogConfig: Setting CVar [[r.DOF.Gather.PostfilterMethod:1          ; Median3x3 postfilering method]]
[2019.12.21-14.43.08:352][  0]LogConfig: Setting CVar [[r.DOF.Gather.EnableBokehSettings:0       ; no bokeh simulation when gathering]]
[2019.12.21-14.43.08:352][  0]LogConfig: Setting CVar [[r.DOF.Gather.RingCount:4                 ; medium number of samples when gathering]]
[2019.12.21-14.43.08:352][  0]LogConfig: Setting CVar [[r.DOF.Scatter.ForegroundCompositing:1    ; additive foreground scattering]]
[2019.12.21-14.43.08:352][  0]LogConfig: Setting CVar [[r.DOF.Scatter.BackgroundCompositing:2    ; additive background scattering]]
[2019.12.21-14.43.08:352][  0]LogConfig: Setting CVar [[r.DOF.Scatter.EnableBokehSettings:1      ; bokeh simulation when scattering]]
[2019.12.21-14.43.08:352][  0]LogConfig: Setting CVar [[r.DOF.Scatter.MaxSpriteRatio:0.1         ; only a maximum of 10% of scattered bokeh]]
[2019.12.21-14.43.08:352][  0]LogConfig: Setting CVar [[r.DOF.Recombine.Quality:1                ; cheap slight out of focus]]
[2019.12.21-14.43.08:352][  0]LogConfig: Setting CVar [[r.DOF.Recombine.EnableBokehSettings:0    ; no bokeh simulation on slight out of focus]]
[2019.12.21-14.43.08:352][  0]LogConfig: Setting CVar [[r.DOF.TemporalAAQuality:1                ; more stable temporal accumulation]]
[2019.12.21-14.43.08:352][  0]LogConfig: Setting CVar [[r.DOF.Kernel.MaxForegroundRadius:0.025]]
[2019.12.21-14.43.08:352][  0]LogConfig: Setting CVar [[r.DOF.Kernel.MaxBackgroundRadius:0.025]]
[2019.12.21-14.43.08:352][  0]LogConfig: Applying CVar settings from Section [TextureQuality@3] File [C:/Users/Andrei/Documents/Unreal Projects/MyProject2/Saved/Config/Windows/Scalability.ini]
[2019.12.21-14.43.08:352][  0]LogConfig: Setting CVar [[r.Streaming.MipBias:0]]
[2019.12.21-14.43.08:352][  0]LogConfig: Setting CVar [[r.Streaming.AmortizeCPUToGPUCopy:0]]
[2019.12.21-14.43.08:352][  0]LogConfig: Setting CVar [[r.Streaming.MaxNumTexturesToStreamPerFrame:0]]
[2019.12.21-14.43.08:352][  0]LogConfig: Setting CVar [[r.Streaming.Boost:1]]
[2019.12.21-14.43.08:352][  0]LogConfig: Setting CVar [[r.MaxAnisotropy:8]]
[2019.12.21-14.43.08:352][  0]LogConfig: Setting CVar [[r.Streaming.LimitPoolSizeToVRAM:0]]
[2019.12.21-14.43.08:352][  0]LogConfig: Setting CVar [[r.Streaming.PoolSize:1000]]
[2019.12.21-14.43.08:352][  0]LogConfig: Setting CVar [[r.Streaming.MaxEffectiveScreenSize:0]]
[2019.12.21-14.43.08:352][  0]LogConfig: Applying CVar settings from Section [EffectsQuality@3] File [C:/Users/Andrei/Documents/Unreal Projects/MyProject2/Saved/Config/Windows/Scalability.ini]
[2019.12.21-14.43.08:352][  0]LogConfig: Setting CVar [[r.TranslucencyLightingVolumeDim:64]]
[2019.12.21-14.43.08:352][  0]LogConfig: Setting CVar [[r.RefractionQuality:2]]
[2019.12.21-14.43.08:352][  0]LogConfig: Setting CVar [[r.SSR.Quality:3]]
[2019.12.21-14.43.08:352][  0]LogConfig: Setting CVar [[r.SceneColorFormat:4]]
[2019.12.21-14.43.08:352][  0]LogConfig: Setting CVar [[r.DetailMode:2]]
[2019.12.21-14.43.08:352][  0]LogConfig: Setting CVar [[r.TranslucencyVolumeBlur:1]]
[2019.12.21-14.43.08:352][  0]LogConfig: Setting CVar [[r.MaterialQualityLevel:1 ; High quality]]
[2019.12.21-14.43.08:352][  0]LogConfig: Setting CVar [[r.SSS.Scale:1]]
[2019.12.21-14.43.08:352][  0]LogConfig: Setting CVar [[r.SSS.SampleSet:2]]
[2019.12.21-14.43.08:353][  0]LogConfig: Setting CVar [[r.SSS.Quality:1]]
[2019.12.21-14.43.08:353][  0]LogConfig: Setting CVar [[r.SSS.HalfRes:1]]
[2019.12.21-14.43.08:353][  0]LogConfig: Setting CVar [[r.EmitterSpawnRateScale:1.0]]
[2019.12.21-14.43.08:353][  0]LogConfig: Setting CVar [[r.ParticleLightQuality:2]]
[2019.12.21-14.43.08:353][  0]LogConfig: Applying CVar settings from Section [FoliageQuality@3] File [C:/Users/Andrei/Documents/Unreal Projects/MyProject2/Saved/Config/Windows/Scalability.ini]
[2019.12.21-14.43.08:353][  0]LogConfig: Setting CVar [[foliage.DensityScale:1.0]]
[2019.12.21-14.43.08:353][  0]LogConfig: Setting CVar [[grass.DensityScale:1.0]]
[2019.12.21-14.43.08:353][  0]LogConfig: Applying CVar settings from Section [Startup] File [../../../Engine/Config/ConsoleVariables.ini]
[2019.12.21-14.43.08:353][  0]LogConfig: Setting CVar [[net.UseAdaptiveNetUpdateFrequency:0]]
[2019.12.21-14.43.08:353][  0]LogConfig: Setting CVar [[p.chaos.AllowCreatePhysxBodies:1]]
[2019.12.21-14.43.08:353][  0]LogConfig: Applying CVar settings from Section [ConsoleVariables] File [C:/Users/Andrei/Documents/Unreal Projects/MyProject2/Saved/Config/Windows/Engine.ini]
[2019.12.21-14.43.08:353][  0]LogInit: Computer: DESKTOP-4V686FI
[2019.12.21-14.43.08:353][  0]LogInit: User: Andrei
[2019.12.21-14.43.08:353][  0]LogInit: CPU Page size=4096, Cores=4
[2019.12.21-14.43.08:353][  0]LogInit: High frequency timer resolution =10.000000 MHz
[2019.12.21-14.43.08:353][  0]LogMemory: Memory total: Physical=15.9GB (16GB approx)
[2019.12.21-14.43.08:353][  0]LogMemory: Platform Memory Stats for Windows
[2019.12.21-14.43.08:353][  0]LogMemory: Process Physical Memory: 100.25 MB used, 100.25 MB peak
[2019.12.21-14.43.08:353][  0]LogMemory: Process Virtual Memory: 88.59 MB used, 88.59 MB peak
[2019.12.21-14.43.08:353][  0]LogMemory: Physical Memory: 5834.60 MB used,  10422.36 MB free, 16256.96 MB total
[2019.12.21-14.43.08:353][  0]LogMemory: Virtual Memory: 4656.61 MB used,  134213072.00 MB free, 134217728.00 MB total
[2019.12.21-14.43.08:357][  0]LogWindows: WindowsPlatformFeatures enabled
[2019.12.21-14.43.08:394][  0]LogInit: Using OS detected language (en-GB).
[2019.12.21-14.43.08:394][  0]LogInit: Using OS detected locale (en-GB).
[2019.12.21-14.43.08:396][  0]LogTextLocalizationManager: No specific localization for 'en-GB' exists, so the 'en' localization will be used.
[2019.12.21-14.43.08:613][  0]LogInit: Setting process to per monitor DPI aware
[2019.12.21-14.43.08:654][  0]LogSlate: New Slate User Created.  User Index 0, Is Virtual User: 0
[2019.12.21-14.43.08:654][  0]LogSlate: Slate User Registered.  User Index 0, Is Virtual User: 0
[2019.12.21-14.43.08:929][  0]LogHMD: Failed to initialize OpenVR with code 110
[2019.12.21-14.43.08:929][  0]LogD3D11RHI: D3D11 adapters:
[2019.12.21-14.43.08:994][  0]LogD3D11RHI:    0. 'NVIDIA GeForce GTX 960M' (Feature Level 11_0)
[2019.12.21-14.43.08:994][  0]LogD3D11RHI:       4055/0/8128 MB DedicatedVideo/DedicatedSystem/SharedSystem, Outputs:1, VendorId:0x10de
[2019.12.21-14.43.09:007][  0]LogD3D11RHI:    1. 'Intel(R) HD Graphics 530' (Feature Level 11_0)
[2019.12.21-14.43.09:007][  0]LogD3D11RHI:       128/0/8128 MB DedicatedVideo/DedicatedSystem/SharedSystem, Outputs:0, VendorId:0x8086
[2019.12.21-14.43.09:010][  0]LogD3D11RHI:    2. 'Microsoft Basic Render Driver' (Feature Level 11_0)
[2019.12.21-14.43.09:010][  0]LogD3D11RHI:       0/0/8128 MB DedicatedVideo/DedicatedSystem/SharedSystem, Outputs:0, VendorId:0x1414
[2019.12.21-14.43.09:010][  0]LogD3D11RHI: Chosen D3D11 Adapter: 0
[2019.12.21-14.43.09:057][  0]LogD3D11RHI: Creating new Direct3DDevice
[2019.12.21-14.43.09:057][  0]LogD3D11RHI:     GPU DeviceId: 0x139b (for the marketing name, search the web for "GPU Device Id")
[2019.12.21-14.43.09:057][  0]LogWindows: EnumDisplayDevices:
[2019.12.21-14.43.09:057][  0]LogWindows:    0. 'Intel(R) HD Graphics 530' (P:1 D:1)
[2019.12.21-14.43.09:058][  0]LogWindows:    1. 'Intel(R) HD Graphics 530' (P:0 D:0)
[2019.12.21-14.43.09:058][  0]LogWindows:    2. 'Intel(R) HD Graphics 530' (P:0 D:0)
[2019.12.21-14.43.09:059][  0]LogWindows: DebugString: PrimaryIsNotTheChoosenAdapter PrimaryIsNotTheChoosenAdapter PrimaryIsNotTheChoosenAdapter FoundDriverCount:0 
[2019.12.21-14.43.09:059][  0]LogD3D11RHI:     Adapter Name: NVIDIA GeForce GTX 960M
[2019.12.21-14.43.09:059][  0]LogD3D11RHI:   Driver Version: Unknown (internal:Unknown, unified:Unknown)
[2019.12.21-14.43.09:059][  0]LogD3D11RHI:      Driver Date: Unknown
[2019.12.21-14.43.09:059][  0]LogRHI: Texture pool is 2839 MB (70% of 4055 MB)
[2019.12.21-14.43.09:096][  0]LogD3D11RHI: Async texture creation enabled
[2019.12.21-14.43.09:114][  0]LogD3D11RHI: GPU Timing Frequency: 1000.000000 (Debug: 2 2)
[2019.12.21-14.43.09:527][  0]LogTemp: Display: Module 'AllDesktopTargetPlatform' loaded TargetPlatform 'AllDesktop'
[2019.12.21-14.43.09:537][  0]LogTemp: Display: Module 'MacClientTargetPlatform' loaded TargetPlatform 'MacClient'
[2019.12.21-14.43.09:549][  0]LogTemp: Display: Module 'MacNoEditorTargetPlatform' loaded TargetPlatform 'MacNoEditor'
[2019.12.21-14.43.09:561][  0]LogTemp: Display: Module 'MacServerTargetPlatform' loaded TargetPlatform 'MacServer'
[2019.12.21-14.43.09:572][  0]LogTemp: Display: Module 'MacTargetPlatform' loaded TargetPlatform 'Mac'
[2019.12.21-14.43.09:584][  0]LogTemp: Display: Module 'WindowsClientTargetPlatform' loaded TargetPlatform 'WindowsClient'
[2019.12.21-14.43.09:595][  0]LogTemp: Display: Module 'WindowsNoEditorTargetPlatform' loaded TargetPlatform 'WindowsNoEditor'
[2019.12.21-14.43.09:607][  0]LogTemp: Display: Module 'WindowsServerTargetPlatform' loaded TargetPlatform 'WindowsServer'
[2019.12.21-14.43.09:614][  0]LogTemp: Display: Module 'WindowsTargetPlatform' loaded TargetPlatform 'Windows'
[2019.12.21-14.43.09:656][  0]LogTemp: Display: Module 'AndroidTargetPlatform' loaded TargetPlatform 'Android'
[2019.12.21-14.43.09:656][  0]LogTemp: Display: Module 'AndroidTargetPlatform' loaded TargetPlatform 'Android_ASTC'
[2019.12.21-14.43.09:657][  0]LogTemp: Display: Module 'AndroidTargetPlatform' loaded TargetPlatform 'Android_ATC'
[2019.12.21-14.43.09:657][  0]LogTemp: Display: Module 'AndroidTargetPlatform' loaded TargetPlatform 'Android_DXT'
[2019.12.21-14.43.09:657][  0]LogTemp: Display: Module 'AndroidTargetPlatform' loaded TargetPlatform 'Android_ETC1'
[2019.12.21-14.43.09:657][  0]LogTemp: Display: Module 'AndroidTargetPlatform' loaded TargetPlatform 'Android_ETC1a'
[2019.12.21-14.43.09:657][  0]LogTemp: Display: Module 'AndroidTargetPlatform' loaded TargetPlatform 'Android_ETC2'
[2019.12.21-14.43.09:657][  0]LogTemp: Display: Module 'AndroidTargetPlatform' loaded TargetPlatform 'Android_PVRTC'
[2019.12.21-14.43.09:657][  0]LogTemp: Display: Module 'AndroidTargetPlatform' loaded TargetPlatform 'AndroidClient'
[2019.12.21-14.43.09:657][  0]LogTemp: Display: Module 'AndroidTargetPlatform' loaded TargetPlatform 'Android_ASTCClient'
[2019.12.21-14.43.09:657][  0]LogTemp: Display: Module 'AndroidTargetPlatform' loaded TargetPlatform 'Android_ATCClient'
[2019.12.21-14.43.09:657][  0]LogTemp: Display: Module 'AndroidTargetPlatform' loaded TargetPlatform 'Android_DXTClient'
[2019.12.21-14.43.09:657][  0]LogTemp: Display: Module 'AndroidTargetPlatform' loaded TargetPlatform 'Android_ETC1Client'
[2019.12.21-14.43.09:657][  0]LogTemp: Display: Module 'AndroidTargetPlatform' loaded TargetPlatform 'Android_ETC1aClient'
[2019.12.21-14.43.09:657][  0]LogTemp: Display: Module 'AndroidTargetPlatform' loaded TargetPlatform 'Android_ETC2Client'
[2019.12.21-14.43.09:657][  0]LogTemp: Display: Module 'AndroidTargetPlatform' loaded TargetPlatform 'Android_PVRTCClient'
[2019.12.21-14.43.09:657][  0]LogTemp: Display: Module 'AndroidTargetPlatform' loaded TargetPlatform 'Android_Multi'
[2019.12.21-14.43.09:657][  0]LogTemp: Display: Module 'AndroidTargetPlatform' loaded TargetPlatform 'Android_MultiClient'
[2019.12.21-14.43.09:659][  0]LogTemp: Display: Module 'HTML5TargetPlatform' loaded TargetPlatform 'HTML5'
[2019.12.21-14.43.09:683][  0]LogTemp: Display: Module 'IOSTargetPlatform' loaded TargetPlatform 'IOSClient'
[2019.12.21-14.43.09:683][  0]LogTemp: Display: Module 'IOSTargetPlatform' loaded TargetPlatform 'IOS'
[2019.12.21-14.43.09:713][  0]LogTemp: Display: Module 'TVOSTargetPlatform' loaded TargetPlatform 'TVOSClient'
[2019.12.21-14.43.09:713][  0]LogTemp: Display: Module 'TVOSTargetPlatform' loaded TargetPlatform 'TVOS'
[2019.12.21-14.43.09:723][  0]LogTemp: Display: Module 'LinuxClientTargetPlatform' loaded TargetPlatform 'LinuxClient'
[2019.12.21-14.43.09:733][  0]LogTemp: Display: Module 'LinuxNoEditorTargetPlatform' loaded TargetPlatform 'LinuxNoEditor'
[2019.12.21-14.43.09:743][  0]LogTemp: Display: Module 'LinuxServerTargetPlatform' loaded TargetPlatform 'LinuxServer'
[2019.12.21-14.43.09:756][  0]LogTemp: Display: Module 'LinuxTargetPlatform' loaded TargetPlatform 'Linux'
[2019.12.21-14.43.09:787][  0]LogTemp: Display: Module 'LuminTargetPlatform' loaded TargetPlatform 'Lumin'
[2019.12.21-14.43.09:787][  0]LogTemp: Display: Module 'LuminTargetPlatform' loaded TargetPlatform 'LuminClient'
[2019.12.21-14.43.09:787][  0]LogTargetPlatformManager: Display: Building Assets For Windows
[2019.12.21-14.43.09:800][  0]LogAudioDebug: Display: Lib vorbis DLL was dynamically loaded.
[2019.12.21-14.43.09:873][  0]LogShaderCompilers: Guid format shader working directory is -21 characters bigger than the processId version (../../../../../../Users/Andrei/Documents/Unreal Projects/MyProject2/Intermediate/Shaders/WorkingDirectory/21840/).
[2019.12.21-14.43.09:873][  0]LogShaderCompilers: Cleaned the shader compiler working directory 'C:/Users/Andrei/AppData/Local/Temp/UnrealShaderWorkingDir/D37A2B7B46D82F35558092B02A86D289/'.
[2019.12.21-14.43.09:877][  0]LogShaderCompilers: Display: Using XGE Shader Compiler (Interception Interface).
[2019.12.21-14.43.10:640][  0]LogDerivedDataCache: Display: Max Cache Size: 512 MB
[2019.12.21-14.43.10:699][  0]LogDerivedDataCache: Loaded boot cache 0.06s 73MB C:/Users/Andrei/AppData/Local/UnrealEngine/4.23/DerivedDataCache/Boot.ddc.
[2019.12.21-14.43.10:699][  0]LogDerivedDataCache: Display: Loaded Boot cache: C:/Users/Andrei/AppData/Local/UnrealEngine/4.23/DerivedDataCache/Boot.ddc
[2019.12.21-14.43.10:699][  0]LogDerivedDataCache: FDerivedDataBackendGraph:  Pak pak cache file ../../../../../../Users/Andrei/Documents/Unreal Projects/MyProject2/DerivedDataCache/DDC.ddp not found, will not use a pak cache.
[2019.12.21-14.43.10:699][  0]LogDerivedDataCache: Unable to find inner node Pak for hierarchical cache Hierarchy.
[2019.12.21-14.43.10:699][  0]LogDerivedDataCache: FDerivedDataBackendGraph:  CompressedPak pak cache file ../../../../../../Users/Andrei/Documents/Unreal Projects/MyProject2/DerivedDataCache/Compressed.ddp not found, will not use a pak cache.
[2019.12.21-14.43.10:699][  0]LogDerivedDataCache: Unable to find inner node CompressedPak for hierarchical cache Hierarchy.
[2019.12.21-14.43.10:713][  0]LogDerivedDataCache: Display: Pak cache opened for reading ../../../Engine/DerivedDataCache/Compressed.ddp.
[2019.12.21-14.43.10:713][  0]LogDerivedDataCache: FDerivedDataBackendGraph:  EnterprisePak pak cache file ../../../Enterprise/DerivedDataCache/Compressed.ddp not found, will not use a pak cache.
[2019.12.21-14.43.10:713][  0]LogDerivedDataCache: Unable to find inner node EnterprisePak for hierarchical cache Hierarchy.
[2019.12.21-14.43.10:714][  0]LogDerivedDataCache: Using Local data cache path C:/Users/Andrei/AppData/Local/UnrealEngine/Common/DerivedDataCache: Writable
[2019.12.21-14.43.10:714][  0]LogDerivedDataCache: Shared data cache path not found in *engine.ini, will not use an Shared cache.
[2019.12.21-14.43.10:714][  0]LogDerivedDataCache: Unable to find inner node Shared for hierarchical cache Hierarchy.
[2019.12.21-14.43.10:739][  0]LogMaterial: Verifying Global Shaders for PCD3D_SM5
[2019.12.21-14.43.10:742][  0]LogSlate: Using FreeType 2.6.0
[2019.12.21-14.43.10:743][  0]LogSlate: SlateFontServices - WITH_FREETYPE: 1, WITH_HARFBUZZ: 1
[2019.12.21-14.43.10:819][  0]LogAssetRegistry: FAssetRegistry took 0.0029 seconds to start up
[2019.12.21-14.43.11:191][  0]LogInit: Selected Device Profile: [Windows]
[2019.12.21-14.43.11:374][  0]LogMeshReduction: Using QuadricMeshReduction for automatic static mesh reduction
[2019.12.21-14.43.11:374][  0]LogMeshReduction: Using SimplygonMeshReduction for automatic skeletal mesh reduction
[2019.12.21-14.43.11:374][  0]LogMeshReduction: Using ProxyLODMeshReduction for automatic mesh merging
[2019.12.21-14.43.11:374][  0]LogMeshReduction: No distributed automatic mesh merging module available
[2019.12.21-14.43.11:374][  0]LogMeshMerging: No distributed automatic mesh merging module available
[2019.12.21-14.43.11:385][  0]LogNetVersion: MyProject2 1.0.0, NetCL: 8386587, EngineNetVer: 11, GameNetVer: 0 (Checksum: 4230709586)
[2019.12.21-14.43.11:956][  0]LogPackageLocalizationCache: Processed 12 localized package path(s) for 1 prioritized culture(s) in 0.118328 seconds
[2019.12.21-14.43.11:965][  0]LogUObjectArray: 43444 objects as part of root set at end of initial load.
[2019.12.21-14.43.11:966][  0]LogUObjectAllocator: 7548648 out of 0 bytes used by permanent object pool.
[2019.12.21-14.43.11:966][  0]LogUObjectArray: CloseDisregardForGC: 0/0 objects in disregard for GC pool
[2019.12.21-14.43.13:256][  0]LogTcpMessaging: Initializing TcpMessaging bridge
[2019.12.21-14.43.13:261][  0]LogUdpMessaging: Initializing bridge on interface 0.0.0.0:0 to multicast group 230.0.0.1:6666.
[2019.12.21-14.43.13:540][  0]SourceControl: Source control is disabled
[2019.12.21-14.43.13:541][  0]SourceControl: Source control is disabled
[2019.12.21-14.43.13:543][  0]SourceControl: Source control is disabled
[2019.12.21-14.43.13:547][  0]SourceControl: Source control is disabled
[2019.12.21-14.43.13:755][  0]LogAndroidPermission: UAndroidPermissionCallbackProxy::GetInstance
[2019.12.21-14.43.14:027][  0]LogOcInput: OculusInput pre-init called
[2019.12.21-14.43.14:049][  0]LogWindows: Failed to load 'OVRPlugin.dll' (GetLastError=126)
[2019.12.21-14.43.14:050][  0]LogWindows: File 'OVRPlugin.dll' does not exist
[2019.12.21-14.43.14:305][  0]LogEngine: Initializing Engine...
[2019.12.21-14.43.14:307][  0]LogHMD: Failed to initialize OpenVR with code 110
[2019.12.21-14.43.14:309][  0]LogStats: UGameplayTagsManager::InitializeManager -  0.000 s
[2019.12.21-14.43.14:696][  0]LogInit: Initializing FReadOnlyCVARCache
[2019.12.21-14.43.14:730][  0]LogAIModule: Creating AISystem for world Untitled
[2019.12.21-14.43.14:755][  0]LogInit: XAudio2 using 'Speakers / Headphones (Realtek Audio)' : 2 channels at 48 kHz using 16 bits per sample (channel mask 0x3)
[2019.12.21-14.43.15:034][  0]LogInit: FAudioDevice initialized.
[2019.12.21-14.43.15:034][  0]LogNetVersion: Set ProjectVersion to 1.0.0.0. Version Checksum will be recalculated on next use.
[2019.12.21-14.43.15:913][  0]LogDerivedDataCache: Saved boot cache 0.88s 73MB C:/Users/Andrei/AppData/Local/UnrealEngine/4.23/DerivedDataCache/Boot.ddc.
[2019.12.21-14.43.15:932][  0]LogInit: Texture streaming: Enabled
[2019.12.21-14.43.16:022][  0]LogEngineSessionManager: EngineSessionManager initialized
[2019.12.21-14.43.16:023][  0]LogEditorSessionSummary: Verbose: Initializing EditorSessionSummaryWriter for editor session tracking
[2019.12.21-14.43.16:040][  0]LogEditorSessionSummary: EditorSessionSummaryWriter initialized
[2019.12.21-14.43.16:127][  0]LogInit: Transaction tracking system initialized
[2019.12.21-14.43.16:186][  0]BlueprintLog: New page: Editor Load
[2019.12.21-14.43.16:313][  0]LocalizationService: Localization service is disabled
[2019.12.21-14.43.16:679][  0]LogFileCache: Scanning file cache for directory 'C:/Users/Andrei/Documents/Unreal Projects/MyProject2/Content/' took 0.01s
[2019.12.21-14.43.16:679][  0]LogCook: Display: Max memory allowance for cook 16384mb min free memory 0mb
[2019.12.21-14.43.16:679][  0]LogCook: Display: Mobile HDR setting 1
[2019.12.21-14.43.16:946][  0]SourceControl: Source control is disabled
[2019.12.21-14.43.16:947][  0]Cmd: MAP LOAD FILE="../../../../../../Users/Andrei/Documents/Unreal Projects/MyProject2/Content/StarterContent/Maps/Minimal_Default.umap" TEMPLATE=0 SHOWPROGRESS=1 FEATURELEVEL=3
[2019.12.21-14.43.16:947][  0]LightingResults: New page: Lighting Build
[2019.12.21-14.43.16:950][  0]LogWorld: UWorld::CleanupWorld for Untitled, bSessionEnded=true, bCleanupResources=true
[2019.12.21-14.43.16:951][  0]MapCheck: New page: Map Check
[2019.12.21-14.43.16:951][  0]LightingResults: New page: Lighting Build
[2019.12.21-14.43.16:982][  0]LogUObjectHash: Compacting FUObjectHashTables data took   1.84ms
[2019.12.21-14.43.18:914][  0]LogAIModule: Creating AISystem for world Minimal_Default
[2019.12.21-14.43.18:996][  0]LogEditorServer: Finished looking for orphan Actors (0.000 secs)
[2019.12.21-14.43.19:109][  0]LogUObjectHash: Compacting FUObjectHashTables data took   2.10ms
[2019.12.21-14.43.19:109][  0]Cmd: MAP CHECKDEP NOCLEARLOG
[2019.12.21-14.43.19:109][  0]MapCheck: Map check complete: 0 Error(s), 0 Warning(s), took 0.17ms to complete.
[2019.12.21-14.43.19:109][  0]LogFileHelpers: Loading map 'Minimal_Default' took 2.162
[2019.12.21-14.43.19:670][  0]LogSlate: Updating window title bar state: overlay mode, drag disabled, window buttons hidden, title bar hidden
[2019.12.21-14.43.19:696][  0]LogSlate: Updating window title bar state: overlay mode, drag disabled, window buttons hidden, title bar hidden
[2019.12.21-14.43.19:721][  0]LogSlate: Updating window title bar state: overlay mode, drag disabled, window buttons hidden, title bar hidden
[2019.12.21-14.43.19:739][  0]LogSlate: Updating window title bar state: overlay mode, drag disabled, window buttons hidden, title bar hidden
[2019.12.21-14.43.19:842][  0]LogCollectionManager: Loaded 0 collections in 0.009357 seconds
[2019.12.21-14.43.19:973][  0]LogFileCache: Scanning file cache for directory 'C:/Users/Andrei/Documents/Unreal Projects/MyProject2/Saved/Collections/' took 0.00s
[2019.12.21-14.43.19:973][  0]LogFileCache: Scanning file cache for directory 'C:/Users/Andrei/Documents/Unreal Projects/MyProject2/Content/Developers/Andrei/Collections/' took 0.00s
[2019.12.21-14.43.19:973][  0]LogFileCache: Scanning file cache for directory 'C:/Users/Andrei/Documents/Unreal Projects/MyProject2/Content/Collections/' took 0.00s
[2019.12.21-14.43.19:973][  0]LogCollectionManager: Rebuilt the GUID cache for 0 collections in 0.000005 seconds
[2019.12.21-14.43.20:003][  0]LogContentBrowser: Native class hierarchy populated in 0.0292 seconds. Added 2867 classes and 682 folders.
[2019.12.21-14.43.20:179][  0]LogContentBrowser: Native class hierarchy updated for 'WidgetCarousel' in 0.0015 seconds. Added 0 classes and 0 folders.
[2019.12.21-14.43.21:473][  0]LogContentBrowser: Native class hierarchy updated for 'AddContentDialog' in 0.0007 seconds. Added 0 classes and 0 folders.
[2019.12.21-14.43.21:535][  0]LogContentBrowser: Native class hierarchy updated for 'SceneOutliner' in 0.0008 seconds. Added 1 classes and 2 folders.
[2019.12.21-14.43.21:949][  0]LogSlate: Took 0.000731 seconds to synchronously load lazily loaded font '../../../Engine/Content/Slate/Fonts/Roboto-Regular.ttf' (155K)
[2019.12.21-14.43.21:958][  0]LogSlate: Took 0.000319 seconds to synchronously load lazily loaded font '../../../Engine/Content/Slate/Fonts/Roboto-Bold.ttf' (160K)
[2019.12.21-14.43.21:986][  0]LogSlate: Took 0.020047 seconds to synchronously load lazily loaded font '../../../Engine/Content/Editor/Slate/Fonts/FontAwesome.ttf' (139K)
[2019.12.21-14.43.22:405][  0]LogRenderer: Reallocating scene render targets to support 964x436 Format 10 NumSamples 1 (Frame:1).
[2019.12.21-14.43.22:691][  0]LogContentBrowser: Native class hierarchy updated for 'HierarchicalLODOutliner' in 0.0013 seconds. Added 0 classes and 0 folders.
[2019.12.21-14.43.22:692][  0]LogLoad: (Engine Initialization) Total time: 17.11 seconds
[2019.12.21-14.43.22:692][  0]LogLoad: (Engine Initialization) Total Blueprint compile time: 0.00 seconds
[2019.12.21-14.43.22:780][  0]LogContentStreaming: Texture pool size now 1000 MB
[2019.12.21-14.43.22:808][  0]LogSlate: Took 0.009882 seconds to synchronously load lazily loaded font '../../../Engine/Content/Slate/Fonts/Roboto-Light.ttf' (167K)
[2019.12.21-14.43.23:132][  4]LogAssetRegistry: Asset discovery search completed in 12.3141 seconds
[2019.12.21-14.43.23:138][  4]LogCollectionManager: Rebuilt the object cache for 0 collections in 0.000006 seconds (found 0 objects)
[2019.12.21-14.43.23:138][  4]LogCollectionManager: Fixed up redirectors for 0 collections in 0.000085 seconds (updated 0 objects)
[2019.12.21-14.44.16:439][329]LogEditorViewport: Clicking on Actor (LMB): StaticMeshActor (Cube)
[2019.12.21-14.44.19:764][394]LogSlate: Took 0.022764 seconds to synchronously load lazily loaded font '../../../Engine/Content/Slate/Fonts/Roboto-Italic.ttf' (157K)
[2019.12.21-14.44.20:321][403]LogSlate: FSceneViewport::OnFocusLost() reason 0
[2019.12.21-14.44.22:714][439]LogEditorSessionSummary: EditorSessionSummary sent report. Type=AbnormalShutdown, SessionId={85954E69-4A19-B5A5-1D5A-74A2EB025EC1}
[2019.12.21-14.44.22:714][439]LogEditorSessionSummary: EditorSessionSummary sent report. Type=Shutdown, SessionId={0B3CE8CF-4F2D-290E-885E-A18377CA54FC}
[2019.12.21-14.44.22:715][439]LogEditorSessionSummary: EditorSessionSummary sent report. Type=Shutdown, SessionId={63AE7F1F-4E1C-2A1A-9078-02BBDD1C8EF8}
[2019.12.21-14.45.02:490][325]LogSlate: Took 0.000224 seconds to synchronously load lazily loaded font '../../../Engine/Content/Slate/Fonts/Roboto-Light.ttf' (167K)
[2019.12.21-14.45.02:520][325]LogAssetEditorManager: Opening Asset editor for Class /Script/MyProject2.NewActorComponent
[2019.12.21-14.47.15:453][693]LogTemp: Repeating last play command: Selected Viewport
[2019.12.21-14.47.15:460][693]LogBlueprintUserMessages: Early PlayInEditor Detection: Level '/Game/StarterContent/Maps/Minimal_Default.Minimal_Default:PersistentLevel' has LevelScriptBlueprint '/Game/StarterContent/Maps/Minimal_Default.Minimal_Default:PersistentLevel.Minimal_Default' with GeneratedClass '/Game/StarterContent/Maps/Minimal_Default.Minimal_Default_C' with ClassGeneratedBy '/Game/StarterContent/Maps/Minimal_Default.Minimal_Default:PersistentLevel.Minimal_Default'
[2019.12.21-14.47.15:460][693]LogPlayLevel: PlayLevel: No blueprints needed recompiling
[2019.12.21-14.47.15:631][693]PIE: New page: PIE session: Minimal_Default (21 Dec 2019 18:47:15)
[2019.12.21-14.47.15:635][693]LogOnline: OSS: Creating online subsystem instance for: NULL
[2019.12.21-14.47.15:638][693]LogPlayLevel: Creating play world package: /Game/StarterContent/Maps/UEDPIE_0_Minimal_Default
[2019.12.21-14.47.15:651][693]LogPlayLevel: PIE: StaticDuplicateObject took: (0.012342s)
[2019.12.21-14.47.15:654][693]LogAIModule: Creating AISystem for world Minimal_Default
[2019.12.21-14.47.15:654][693]LogPlayLevel: PIE: World Init took: (0.003882s)
[2019.12.21-14.47.15:654][693]LogPlayLevel: PIE: Created PIE world by copying editor world from /Game/StarterContent/Maps/Minimal_Default.Minimal_Default to /Game/StarterContent/Maps/UEDPIE_0_Minimal_Default.Minimal_Default (0.016943s)
[2019.12.21-14.47.15:700][693]LogUObjectHash: Compacting FUObjectHashTables data took   2.02ms
[2019.12.21-14.47.15:707][693]LogInit: XAudio2 using 'Speakers / Headphones (Realtek Audio)' : 2 channels at 48 kHz using 16 bits per sample (channel mask 0x3)
[2019.12.21-14.47.15:746][693]LogInit: FAudioDevice initialized.
[2019.12.21-14.47.15:758][693]LogUObjectGlobals: Warning: Failed to find object 'Class /Script/MyProject2.MyProject2GameMode'
[2019.12.21-14.47.15:758][693]LogLoad: Game class is 'GameModeBase'
[2019.12.21-14.47.15:761][693]LogWorld: Bringing World /Game/StarterContent/Maps/UEDPIE_0_Minimal_Default.Minimal_Default up for play (max tick rate 60) at 2019.12.21-16.47.15
[2019.12.21-14.47.15:762][693]LogWorld: Bringing up level for play took: 0.001218
[2019.12.21-14.47.15:762][693]LogOnline: OSS: Creating online subsystem instance for: :Context_4
[2019.12.21-14.47.16:116][693]LogContentBrowser: Native class hierarchy updated for 'MovieSceneCapture' in 0.0019 seconds. Added 20 classes and 0 folders.
[2019.12.21-14.47.16:118][693]PIE: Warning: Mobility of /Game/StarterContent/Maps/UEDPIE_0_Minimal_Default.Minimal_Default:PersistentLevel.Cube_2 : StaticMeshComponent0 has to be 'Movable' if you'd like to move. 
[2019.12.21-14.47.16:119][693]PIE: Play in editor start time for /Game/StarterContent/Maps/UEDPIE_0_Minimal_Default 0.225
[2019.12.21-14.47.16:119][693]LogBlueprintUserMessages: Late PlayInEditor Detection: Level '/Game/StarterContent/Maps/Minimal_Default.Minimal_Default:PersistentLevel' has LevelScriptBlueprint '/Game/StarterContent/Maps/Minimal_Default.Minimal_Default:PersistentLevel.Minimal_Default' with GeneratedClass '/Game/StarterContent/Maps/Minimal_Default.Minimal_Default_C' with ClassGeneratedBy '/Game/StarterContent/Maps/Minimal_Default.Minimal_Default:PersistentLevel.Minimal_Default'
[2019.12.21-14.47.25:573][897]LogBlueprintUserMessages: Early EndPlayMap Detection: Level '/Game/StarterContent/Maps/Minimal_Default.Minimal_Default:PersistentLevel' has LevelScriptBlueprint '/Game/StarterContent/Maps/Minimal_Default.Minimal_Default:PersistentLevel.Minimal_Default' with GeneratedClass '/Game/StarterContent/Maps/Minimal_Default.Minimal_Default_C' with ClassGeneratedBy '/Game/StarterContent/Maps/Minimal_Default.Minimal_Default:PersistentLevel.Minimal_Default'
[2019.12.21-14.47.25:596][897]LogSlate: Updating window title bar state: overlay mode, drag disabled, window buttons hidden, title bar hidden
[2019.12.21-14.47.25:597][897]LogWorld: BeginTearingDown for /Game/StarterContent/Maps/UEDPIE_0_Minimal_Default
[2019.12.21-14.47.25:597][897]LogWorld: UWorld::CleanupWorld for Minimal_Default, bSessionEnded=true, bCleanupResources=true
[2019.12.21-14.47.25:646][897]LogPlayLevel: Display: Shutting down PIE online subsystems
[2019.12.21-14.47.25:646][897]LogBlueprintUserMessages: Late EndPlayMap Detection: Level '/Game/StarterContent/Maps/Minimal_Default.Minimal_Default:PersistentLevel' has LevelScriptBlueprint '/Game/StarterContent/Maps/Minimal_Default.Minimal_Default:PersistentLevel.Minimal_Default' with GeneratedClass '/Game/StarterContent/Maps/Minimal_Default.Minimal_Default_C' with ClassGeneratedBy '/Game/StarterContent/Maps/Minimal_Default.Minimal_Default:PersistentLevel.Minimal_Default'
[2019.12.21-14.47.25:716][897]LogSlate: Updating window title bar state: overlay mode, drag disabled, window buttons hidden, title bar hidden
[2019.12.21-14.47.25:720][897]LogUObjectHash: Compacting FUObjectHashTables data took   2.46ms
[2019.12.21-14.47.25:739][897]LogSlate: FSceneViewport::OnFocusLost() reason 5
[2019.12.21-14.47.26:097][898]LogPlayLevel: Display: Destroying online subsystem :Context_4
[2019.12.21-14.47.28:001][918]LogSlate: Window 'Message Log' being destroyed
[2019.12.21-14.47.28:112][918]LogSlate: Window 'Message Log' being destroyed
[2019.12.21-14.47.34:334][ 11]LogEditorViewport: Clicking on Actor (LMB): StaticMeshActor (Cube)
[2019.12.21-14.47.37:751][ 89]LogSlate: FSceneViewport::OnFocusLost() reason 0
[2019.12.21-14.47.37:816][ 90]LogTemp: Repeating last play command: Selected Viewport
[2019.12.21-14.47.37:829][ 90]LogBlueprintUserMessages: Early PlayInEditor Detection: Level '/Game/StarterContent/Maps/Minimal_Default.Minimal_Default:PersistentLevel' has LevelScriptBlueprint '/Game/StarterContent/Maps/Minimal_Default.Minimal_Default:PersistentLevel.Minimal_Default' with GeneratedClass '/Game/StarterContent/Maps/Minimal_Default.Minimal_Default_C' with ClassGeneratedBy '/Game/StarterContent/Maps/Minimal_Default.Minimal_Default:PersistentLevel.Minimal_Default'
[2019.12.21-14.47.37:829][ 90]LogPlayLevel: PlayLevel: No blueprints needed recompiling
[2019.12.21-14.47.37:829][ 90]PIE: New page: PIE session: Minimal_Default (21 Dec 2019 18:47:37)
[2019.12.21-14.47.37:829][ 90]LogPlayLevel: Creating play world package: /Game/StarterContent/Maps/UEDPIE_0_Minimal_Default
[2019.12.21-14.47.37:836][ 90]LogPlayLevel: PIE: StaticDuplicateObject took: (0.005775s)
[2019.12.21-14.47.37:837][ 90]LogAIModule: Creating AISystem for world Minimal_Default
[2019.12.21-14.47.37:837][ 90]LogPlayLevel: PIE: World Init took: (0.001418s)
[2019.12.21-14.47.37:838][ 90]LogPlayLevel: PIE: Created PIE world by copying editor world from /Game/StarterContent/Maps/Minimal_Default.Minimal_Default to /Game/StarterContent/Maps/UEDPIE_0_Minimal_Default.Minimal_Default (0.007380s)
[2019.12.21-14.47.37:873][ 90]LogUObjectHash: Compacting FUObjectHashTables data took   2.15ms
[2019.12.21-14.47.37:881][ 90]LogInit: XAudio2 using 'Speakers / Headphones (Realtek Audio)' : 2 channels at 48 kHz using 16 bits per sample (channel mask 0x3)
[2019.12.21-14.47.37:922][ 90]LogInit: FAudioDevice initialized.
[2019.12.21-14.47.37:931][ 90]LogLoad: Game class is 'GameModeBase'
[2019.12.21-14.47.37:934][ 90]LogWorld: Bringing World /Game/StarterContent/Maps/UEDPIE_0_Minimal_Default.Minimal_Default up for play (max tick rate 60) at 2019.12.21-16.47.37
[2019.12.21-14.47.37:934][ 90]LogWorld: Bringing up level for play took: 0.001563
[2019.12.21-14.47.37:934][ 90]LogOnline: OSS: Creating online subsystem instance for: :Context_5
[2019.12.21-14.47.37:937][ 90]PIE: Warning: Mobility of /Game/StarterContent/Maps/UEDPIE_0_Minimal_Default.Minimal_Default:PersistentLevel.Cube_2 : StaticMeshComponent0 has to be 'Movable' if you'd like to move. 
[2019.12.21-14.47.37:937][ 90]PIE: Play in editor start time for /Game/StarterContent/Maps/UEDPIE_0_Minimal_Default 0.043
[2019.12.21-14.47.37:938][ 90]LogBlueprintUserMessages: Late PlayInEditor Detection: Level '/Game/StarterContent/Maps/Minimal_Default.Minimal_Default:PersistentLevel' has LevelScriptBlueprint '/Game/StarterContent/Maps/Minimal_Default.Minimal_Default:PersistentLevel.Minimal_Default' with GeneratedClass '/Game/StarterContent/Maps/Minimal_Default.Minimal_Default_C' with ClassGeneratedBy '/Game/StarterContent/Maps/Minimal_Default.Minimal_Default:PersistentLevel.Minimal_Default'
[2019.12.21-14.47.44:167][234]LogBlueprintUserMessages: Early EndPlayMap Detection: Level '/Game/StarterContent/Maps/Minimal_Default.Minimal_Default:PersistentLevel' has LevelScriptBlueprint '/Game/StarterContent/Maps/Minimal_Default.Minimal_Default:PersistentLevel.Minimal_Default' with GeneratedClass '/Game/StarterContent/Maps/Minimal_Default.Minimal_Default_C' with ClassGeneratedBy '/Game/StarterContent/Maps/Minimal_Default.Minimal_Default:PersistentLevel.Minimal_Default'
[2019.12.21-14.47.44:167][234]LogSlate: Updating window title bar state: overlay mode, drag disabled, window buttons hidden, title bar hidden
[2019.12.21-14.47.44:167][234]LogWorld: BeginTearingDown for /Game/StarterContent/Maps/UEDPIE_0_Minimal_Default
[2019.12.21-14.47.44:169][234]LogWorld: UWorld::CleanupWorld for Minimal_Default, bSessionEnded=true, bCleanupResources=true
[2019.12.21-14.47.44:239][234]LogPlayLevel: Display: Shutting down PIE online subsystems
[2019.12.21-14.47.44:239][234]LogBlueprintUserMessages: Late EndPlayMap Detection: Level '/Game/StarterContent/Maps/Minimal_Default.Minimal_Default:PersistentLevel' has LevelScriptBlueprint '/Game/StarterContent/Maps/Minimal_Default.Minimal_Default:PersistentLevel.Minimal_Default' with GeneratedClass '/Game/StarterContent/Maps/Minimal_Default.Minimal_Default_C' with ClassGeneratedBy '/Game/StarterContent/Maps/Minimal_Default.Minimal_Default:PersistentLevel.Minimal_Default'
[2019.12.21-14.47.44:327][234]LogSlate: Updating window title bar state: overlay mode, drag disabled, window buttons hidden, title bar hidden
[2019.12.21-14.47.44:333][234]LogUObjectHash: Compacting FUObjectHashTables data took   4.52ms
[2019.12.21-14.47.44:363][234]LogSlate: FSceneViewport::OnFocusLost() reason 5
[2019.12.21-14.47.44:439][235]LogPlayLevel: Display: Destroying online subsystem :Context_5
[2019.12.21-14.47.45:713][249]LogSlate: Window 'Message Log' being destroyed
[2019.12.21-14.47.45:825][249]LogSlate: Window 'Message Log' being destroyed
[2019.12.21-14.47.50:881][251]LogD3D11RHI: GetQueryData is taking a very long time (5.0 s)
[2019.12.21-14.47.55:881][251]LogD3D11RHI: GetQueryData is taking a very long time (10.0 s)
[2019.12.21-14.48.00:882][251]LogD3D11RHI: GetQueryData is taking a very long time (15.0 s)
[2019.12.21-14.48.05:882][251]LogD3D11RHI: GetQueryData is taking a very long time (20.0 s)
[2019.12.21-14.48.10:881][251]LogD3D11RHI: GetQueryData is taking a very long time (25.0 s)
[2019.12.21-14.48.15:881][251]LogD3D11RHI: GetQueryData is taking a very long time (30.0 s)
[2019.12.21-14.48.15:881][251]LogD3D11RHI: Timed out while waiting for GPU to catch up. (30.0 s) (ErrorCode 00000001)
[2019.12.21-14.48.16:235][251]LogWindows: Windows GetLastError: The operation completed successfully. (0)
[2019.12.21-14.48.33:698][251]LogOutputDevice: Warning: 

Script Stack (0 frames):

[2019.12.21-14.48.33:698][251]LogWindows: Windows GetLastError: The operation completed successfully. (0)
[2019.12.21-14.48.33:698][251]LogWindows: Error: === Critical error: ===
[2019.12.21-14.48.33:698][251]LogWindows: Error: 
[2019.12.21-14.48.33:698][251]LogWindows: Error: Fatal error: [File:D:/Build/++UE4/Sync/Engine/Source/Runtime/RenderCore/Private/RenderingThread.cpp] [Line: 836] 
[2019.12.21-14.48.33:698][251]LogWindows: Error: Rendering thread exception:
[2019.12.21-14.48.33:698][251]LogWindows: Error: Assertion failed: GD3D11RHI->GetQueryData(Query->Resource, &Query->Result, sizeof(Query->Result), Query->QueryType, true, false) [File:D:/Build/++UE4/Sync/Engine/Source/Runtime/Windows/D3D11RHI/Private/D3D11Query.cpp] [Line: 45] 
[2019.12.21-14.48.33:698][251]LogWindows: Error: 
[2019.12.21-14.48.33:698][251]LogWindows: Error: 
[2019.12.21-14.48.33:698][251]LogWindows: Error: 
[2019.12.21-14.48.33:698][251]LogWindows: Error: [Callstack] 0x00007fff94a39159 KERNELBASE.dll!UnknownFunction []
[2019.12.21-14.48.33:698][251]LogWindows: Error: [Callstack] 0x00007fff463ea367 UE4Editor-Core.dll!UnknownFunction []
[2019.12.21-14.48.33:698][251]LogWindows: Error: [Callstack] 0x00007fff463ecbc4 UE4Editor-Core.dll!UnknownFunction []
[2019.12.21-14.48.33:698][251]LogWindows: Error: [Callstack] 0x00007fff461e1ada UE4Editor-Core.dll!UnknownFunction []
[2019.12.21-14.48.33:698][251]LogWindows: Error: [Callstack] 0x00007fff461367a3 UE4Editor-Core.dll!UnknownFunction []
[2019.12.21-14.48.33:698][251]LogWindows: Error: [Callstack] 0x00007fff46136eb0 UE4Editor-Core.dll!UnknownFunction []
[2019.12.21-14.48.33:698][251]LogWindows: Error: [Callstack] 0x00007fff19a8fccd UE4Editor-D3D11RHI.dll!UnknownFunction []
[2019.12.21-14.48.33:698][251]LogWindows: Error: [Callstack] 0x00007fff19a9f6f9 UE4Editor-D3D11RHI.dll!UnknownFunction []
[2019.12.21-14.48.33:698][251]LogWindows: Error: [Callstack] 0x00007fff5364caf7 UE4Editor-RHI.dll!UnknownFunction []
[2019.12.21-14.48.33:698][251]LogWindows: Error: [Callstack] 0x00007fff1bcfe4c7 UE4Editor-Renderer.dll!UnknownFunction []
[2019.12.21-14.48.33:698][251]LogWindows: Error: [Callstack] 0x00007fff45fb4e4a UE4Editor-Core.dll!UnknownFunction []
[2019.12.21-14.48.33:699][251]LogWindows: Error: [Callstack] 0x00007fff45fb51f3 UE4Editor-Core.dll!UnknownFunction []
[2019.12.21-14.48.33:699][251]LogWindows: Error: [Callstack] 0x00007fff5bf80021 UE4Editor-RenderCore.dll!UnknownFunction []
[2019.12.21-14.48.33:699][251]LogWindows: Error: [Callstack] 0x00007fff5bf885b4 UE4Editor-RenderCore.dll!UnknownFunction []
[2019.12.21-14.48.33:699][251]LogWindows: Error: [Callstack] 0x00007fff46409f5f UE4Editor-Core.dll!UnknownFunction []
[2019.12.21-14.48.33:699][251]LogWindows: Error: [Callstack] 0x00007fff464004b1 UE4Editor-Core.dll!UnknownFunction []
[2019.12.21-14.48.33:699][251]LogWindows: Error: [Callstack] 0x00007fff98117974 KERNEL32.DLL!UnknownFunction []
[2019.12.21-14.48.33:699][251]LogWindows: Error: [Callstack] 0x00007fff986ca271 ntdll.dll!UnknownFunction []
[2019.12.21-14.48.33:699][251]LogWindows: Error: 
[2019.12.21-14.48.33:699][251]LogWindows: Error: 
[2019.12.21-14.48.33:699][251]LogWindows: Error: 
[2019.12.21-14.48.33:699][251]LogWindows: Error: 
[2019.12.21-14.48.33:786][251]LogExit: Executing StaticShutdownAfterError
[2019.12.21-14.48.33:806][251]LogWindows: FPlatformMisc::RequestExit(1)
[2019.12.21-14.48.33:817][251]Log file closed, 12/21/19 16:48:33
